HEAP SUMMARY:
==4328==     in use at exit: 24 bytes in 3 blocks
==4328==   total heap usage: 3 allocs, 0 frees, 24 bytes allocated
==4328== 
==4328== 8 bytes in 1 blocks are definitely lost in loss record 2 of 3
==4328==    at 0x4024C1C: malloc (vg_replace_malloc.c:195)
==4328==    by 0x8048495: icons (ilist.c:14)
==4328==    by 0x80485DD: main (ilistui.c:15)
==4328== 
==4328== 16 (8 direct, 8 indirect) bytes in 1 blocks are definitely lost in loss record 3 of 3
==4328==    at 0x4024C1C: malloc (vg_replace_malloc.c:195)
==4328==    by 0x8048495: icons (ilist.c:14)
==4328==    by 0x80485C4: main (ilistui.c:14)
==4328== 
==4328== LEAK SUMMARY:
==4328==    definitely lost: 16 bytes in 2 blocks
==4328==    indirectly lost: 8 bytes in 1 blocks
==4328==      possibly lost: 0 bytes in 0 blocks
==4328==    still reachable: 0 bytes in 0 blocks
==4328==         suppressed: 0 bytes in 0 blocks
==4328== 
==4328== For counts of detected and suppressed errors, rerun with: -v
==4328== ERROR SUMMARY: 2 errors from 2 contexts (suppressed: 13 from 8)
