= Use of uninitialised value of size 4
=    at 0x804CDF2: playgame (game_a.c:862)
=    by 0x804D981: startgame (game_a.c:1150)
=    by 0x804D9E4: main (game_a.c:1178)
=  Uninitialised value was created by a stack allocation
=    at 0x804BBCB: playgame (game_a.c:623)
= Invalid read of size 1
=    at 0x804CDF2: playgame (game_a.c:862)
=    by 0x804D981: startgame (game_a.c:1150)
=    by 0x804D9E4: main (game_a.c:1178)
=  Address 0xd4961e41 is not stack'd, malloc'd or (recently) free'd
= Process terminating with default action of signal 11 (SIGSEGV)
=  Access not within mapped region at address 0xD4961E41
=    at 0x804CDF2: playgame (game_a.c:862)
=    by 0x804D981: startgame (game_a.c:1150)
=    by 0x804D9E4: main (game_a.c:1178)
=  If you believe this happened as a result of a stack
=  overflow in your program's main thread (unlikely but
=  possible), you can try to increase the size of the
=  main thread stack using the --main-stacksize= flag.
=  The main thread stack size used in this run was 16777216.
HEAP SUMMARY:
==30236==     in use at exit: 352 bytes in 1 blocks
==30236==   total heap usage: 1 allocs, 0 frees, 352 bytes allocated
==30236== 
==30236== 352 bytes in 1 blocks are still reachable in loss record 1 of 1
==30236==    at 0x4024C1C: malloc (vg_replace_malloc.c:195)
==30236==    by 0x4093DDE: __fopen_internal (iofopen.c:76)
==30236==    by 0x4093EAB: fopen@@GLIBC_2.1 (iofopen.c:107)
==30236==    by 0x804D480: startgame (game_a.c:1014)
==30236==    by 0x804D9E4: main (game_a.c:1178)
==30236== 
==30236== LEAK SUMMARY:
==30236==    definitely lost: 0 bytes in 0 blocks
==30236==    indirectly lost: 0 bytes in 0 blocks
==30236==      possibly lost: 0 bytes in 0 blocks
==30236==    still reachable: 352 bytes in 1 blocks
==30236==         suppressed: 0 bytes in 0 blocks
==30236== 
==30236== For counts of detected and suppressed errors, rerun with: -v
==30236== ERROR SUMMARY: 2 errors from 2 contexts (suppressed: 13 from 8)

Run-time error: Segmentation fault
